{"name": "test_login_null", "status": "broken", "statusDetails": {"message": "selenium.common.exceptions.TimeoutException: Message:", "trace": "self = <selenium_pytest.TestCase.test_search.TestSearch object at 0x000001F09B19DA60>\ndrivers = <selenium.webdriver.chrome.webdriver.WebDriver (session=\"4a6fce859c4844099b7d363d165ff056\")>\n\n    @allure.story('用户名为空')\n    def test_login_null(self, drivers):\n        search = SearchPage(drivers)\n>       search.input_search_name(\"\")\n\ntest_search.py:45: \n_ _ _ _ _ _ _ _ _ _ _ _ _ _ _ _ _ _ _ _ _ _ _ _ _ _ _ _ _ _ _ _ _ _ _ _ _ _ _ _\n..\\page_object\\searchpage.py:14: in input_search_name\n    self.input_text(search['超级盾用户名'], txt=content)\n..\\page\\webpage.py:61: in input_text\n    ele = self.find_element(locator)\n..\\page\\webpage.py:44: in find_element\n    return WebPage.element_locator(lambda *args: self.wait.until(\n..\\page\\webpage.py:40: in element_locator\n    return func(cm.LOCATE_MODE[name], value)\n..\\page\\webpage.py:44: in <lambda>\n    return WebPage.element_locator(lambda *args: self.wait.until(\n_ _ _ _ _ _ _ _ _ _ _ _ _ _ _ _ _ _ _ _ _ _ _ _ _ _ _ _ _ _ _ _ _ _ _ _ _ _ _ _\n\nself = <selenium.webdriver.support.wait.WebDriverWait (session=\"4a6fce859c4844099b7d363d165ff056\")>\nmethod = <selenium.webdriver.support.expected_conditions.presence_of_element_located object at 0x000001F09B240D30>\nmessage = ''\n\n    def until(self, method, message=''):\n        \"\"\"Calls the method provided with the driver as an argument until the \\\n        return value is not False.\"\"\"\n        screen = None\n        stacktrace = None\n    \n        end_time = time.time() + self._timeout\n        while True:\n            try:\n                value = method(self._driver)\n                if value:\n                    return value\n            except self._ignored_exceptions as exc:\n                screen = getattr(exc, 'screen', None)\n                stacktrace = getattr(exc, 'stacktrace', None)\n            time.sleep(self._poll)\n            if time.time() > end_time:\n                break\n>       raise TimeoutException(message, screen, stacktrace)\nE       selenium.common.exceptions.TimeoutException: Message:\n\nD:\\python3.8\\python-3.8.2\\lib\\site-packages\\selenium\\webdriver\\support\\wait.py:80: TimeoutException"}, "attachments": [{"name": "失败截图20211228165008", "source": "9de69cb5-1a7d-428f-93aa-3519364f67f6-attachment.png", "type": "image/png"}, {"name": "log", "source": "86b09cd2-f106-4483-98ce-c2e6fcffb55e-attachment.txt", "type": "text/plain"}], "start": 1640681387106, "stop": 1640681408660, "uuid": "1ac16ce5-c3f7-4675-afd4-acff579fdb80", "historyId": "544bf922bc2b78d1e49acfb280c3a4d7", "testCaseId": "3ce63b348acde3925c611d2c4486e00a", "fullName": "TestCase.test_search.TestSearch#test_login_null", "labels": [{"name": "feature", "value": "测试百度模块"}, {"name": "story", "value": "用户名为空"}, {"name": "parentSuite", "value": "TestCase"}, {"name": "suite", "value": "test_search"}, {"name": "subSuite", "value": "TestSearch"}, {"name": "host", "value": "DESKTOP-R0T260V"}, {"name": "thread", "value": "15768-MainThread"}, {"name": "framework", "value": "pytest"}, {"name": "language", "value": "cpython3"}, {"name": "package", "value": "TestCase.test_search"}]}