{"name": "test_login_error", "status": "broken", "statusDetails": {"message": "selenium.common.exceptions.TimeoutException: Message:", "trace": "self = <selenium_pytest.TestCase.test_search.TestSearch object at 0x000002B9F246AE50>\ndrivers = <selenium.webdriver.chrome.webdriver.WebDriver (session=\"1106942f5f07bce215551f957055894a\")>\n\n    @allure.story(\"登录失败case\")\n    def test_login_error(self, drivers):\n        \"\"\"测试搜索候选\"\"\"\n        search = SearchPage(drivers)\n>       search.input_search_name(\"17379966461\")\n\ntest_search.py:34: \n_ _ _ _ _ _ _ _ _ _ _ _ _ _ _ _ _ _ _ _ _ _ _ _ _ _ _ _ _ _ _ _ _ _ _ _ _ _ _ _\n..\\page_object\\searchpage.py:14: in input_search_name\n    self.input_text(search['超级盾用户名'], txt=content)\n..\\page\\webpage.py:61: in input_text\n    ele = self.find_element(locator)\n..\\page\\webpage.py:44: in find_element\n    return WebPage.element_locator(lambda *args: self.wait.until(\n..\\page\\webpage.py:40: in element_locator\n    return func(cm.LOCATE_MODE[name], value)\n..\\page\\webpage.py:44: in <lambda>\n    return WebPage.element_locator(lambda *args: self.wait.until(\n_ _ _ _ _ _ _ _ _ _ _ _ _ _ _ _ _ _ _ _ _ _ _ _ _ _ _ _ _ _ _ _ _ _ _ _ _ _ _ _\n\nself = <selenium.webdriver.support.wait.WebDriverWait (session=\"1106942f5f07bce215551f957055894a\")>\nmethod = <selenium.webdriver.support.expected_conditions.presence_of_element_located object at 0x000002B9F24F17F0>\nmessage = ''\n\n    def until(self, method, message=''):\n        \"\"\"Calls the method provided with the driver as an argument until the \\\n        return value is not False.\"\"\"\n        screen = None\n        stacktrace = None\n    \n        end_time = time.time() + self._timeout\n        while True:\n            try:\n                value = method(self._driver)\n                if value:\n                    return value\n            except self._ignored_exceptions as exc:\n                screen = getattr(exc, 'screen', None)\n                stacktrace = getattr(exc, 'stacktrace', None)\n            time.sleep(self._poll)\n            if time.time() > end_time:\n                break\n>       raise TimeoutException(message, screen, stacktrace)\nE       selenium.common.exceptions.TimeoutException: Message:\n\nD:\\python3.8\\python-3.8.2\\lib\\site-packages\\selenium\\webdriver\\support\\wait.py:80: TimeoutException"}, "description": "测试搜索候选", "attachments": [{"name": "失败截图20211228161826", "source": "5c46fd12-fd09-45fc-a2c6-1746350100fd-attachment.png", "type": "image/png"}, {"name": "log", "source": "df835687-4f40-4a9c-9038-1f5094d3c2ec-attachment.txt", "type": "text/plain"}], "start": 1640679484192, "stop": 1640679505752, "uuid": "3dd63eab-8068-4523-985b-624d93b906b1", "historyId": "806165bf4d91a502e56be7c9e6a3b82e", "testCaseId": "78b42247db1cc1e68a3d3f8101f01020", "fullName": "TestCase.test_search.TestSearch#test_login_error", "labels": [{"name": "feature", "value": "测试百度模块"}, {"name": "story", "value": "登录失败case"}, {"name": "parentSuite", "value": "TestCase"}, {"name": "suite", "value": "test_search"}, {"name": "subSuite", "value": "TestSearch"}, {"name": "host", "value": "DESKTOP-R0T260V"}, {"name": "thread", "value": "18476-MainThread"}, {"name": "framework", "value": "pytest"}, {"name": "language", "value": "cpython3"}, {"name": "package", "value": "TestCase.test_search"}]}