{"name": "test_login_sucess", "status": "broken", "statusDetails": {"message": "selenium.common.exceptions.TimeoutException: Message:", "trace": "self = <selenium_pytest.TestCase.test_search.TestSearch object at 0x000002206BB6E2B0>\ndrivers = <selenium.webdriver.chrome.webdriver.WebDriver (session=\"436eb65809859fa372d9f928f7fea12e\")>\n\n    @allure.story(\"登录成功case\")\n    def test_login_sucess(self, drivers):\n        \"\"\"搜索\"\"\"\n        search = SearchPage(drivers)\n>       search.input_search_name(\"17379966461\")\n\ntest_search.py:25: \n_ _ _ _ _ _ _ _ _ _ _ _ _ _ _ _ _ _ _ _ _ _ _ _ _ _ _ _ _ _ _ _ _ _ _ _ _ _ _ _\n..\\page_object\\searchpage.py:14: in input_search_name\n    self.input_text(search['超级盾用户名'], txt=content)\n..\\page\\webpage.py:61: in input_text\n    ele = self.find_element(locator)\n..\\page\\webpage.py:44: in find_element\n    return WebPage.element_locator(lambda *args: self.wait.until(\n..\\page\\webpage.py:40: in element_locator\n    return func(cm.LOCATE_MODE[name], value)\n..\\page\\webpage.py:44: in <lambda>\n    return WebPage.element_locator(lambda *args: self.wait.until(\n_ _ _ _ _ _ _ _ _ _ _ _ _ _ _ _ _ _ _ _ _ _ _ _ _ _ _ _ _ _ _ _ _ _ _ _ _ _ _ _\n\nself = <selenium.webdriver.support.wait.WebDriverWait (session=\"436eb65809859fa372d9f928f7fea12e\")>\nmethod = <selenium.webdriver.support.expected_conditions.presence_of_element_located object at 0x000002206BB69910>\nmessage = ''\n\n    def until(self, method, message=''):\n        \"\"\"Calls the method provided with the driver as an argument until the \\\n        return value is not False.\"\"\"\n        screen = None\n        stacktrace = None\n    \n        end_time = time.time() + self._timeout\n        while True:\n            try:\n                value = method(self._driver)\n                if value:\n                    return value\n            except self._ignored_exceptions as exc:\n                screen = getattr(exc, 'screen', None)\n                stacktrace = getattr(exc, 'stacktrace', None)\n            time.sleep(self._poll)\n            if time.time() > end_time:\n                break\n>       raise TimeoutException(message, screen, stacktrace)\nE       selenium.common.exceptions.TimeoutException: Message:\n\nD:\\python3.8\\python-3.8.2\\lib\\site-packages\\selenium\\webdriver\\support\\wait.py:80: TimeoutException"}, "description": "搜索", "attachments": [{"name": "失败截图20211228172833", "source": "97cd9e94-48ff-4fd4-b67f-88383e1e09b8-attachment.png", "type": "image/png"}, {"name": "log", "source": "596d5eac-2e36-422e-baad-2fe1f0124075-attachment.txt", "type": "text/plain"}], "start": 1640683691549, "stop": 1640683713119, "uuid": "92816654-3dc8-47d4-b140-f2e23015da39", "historyId": "c28ab9d9a8a9a2e7701d5ab536c9819d", "testCaseId": "4297003ae3b26000c697451c5f23cdb1", "fullName": "TestCase.test_search.TestSearch#test_login_sucess", "labels": [{"name": "story", "value": "登录成功case"}, {"name": "feature", "value": "测试百度模块"}, {"name": "parentSuite", "value": "TestCase"}, {"name": "suite", "value": "test_search"}, {"name": "subSuite", "value": "TestSearch"}, {"name": "host", "value": "DESKTOP-R0T260V"}, {"name": "thread", "value": "19224-MainThread"}, {"name": "framework", "value": "pytest"}, {"name": "language", "value": "cpython3"}, {"name": "package", "value": "TestCase.test_search"}]}