{"name": "test_login_error", "status": "broken", "statusDetails": {"message": "selenium.common.exceptions.TimeoutException: Message:", "trace": "self = <selenium_pytest.TestCase.test_search.TestSearch object at 0x000001E2F04C5A60>\ndrivers = <selenium.webdriver.chrome.webdriver.WebDriver (session=\"9c2bd1a2df0985d5075bb6168a7b14f8\")>\n\n    @allure.story(\"登录失败case\")\n    def test_login_error(self, drivers):\n        \"\"\"测试搜索候选\"\"\"\n        search = SearchPage(drivers)\n>       search.input_search_name(\"1737996646\")\n\ntest_search.py:34: \n_ _ _ _ _ _ _ _ _ _ _ _ _ _ _ _ _ _ _ _ _ _ _ _ _ _ _ _ _ _ _ _ _ _ _ _ _ _ _ _\n..\\page_object\\searchpage.py:14: in input_search_name\n    self.input_text(search['超级盾用户名'], txt=content)\n..\\page\\webpage.py:61: in input_text\n    ele = self.find_element(locator)\n..\\page\\webpage.py:44: in find_element\n    return WebPage.element_locator(lambda *args: self.wait.until(\n..\\page\\webpage.py:40: in element_locator\n    return func(cm.LOCATE_MODE[name], value)\n..\\page\\webpage.py:44: in <lambda>\n    return WebPage.element_locator(lambda *args: self.wait.until(\n_ _ _ _ _ _ _ _ _ _ _ _ _ _ _ _ _ _ _ _ _ _ _ _ _ _ _ _ _ _ _ _ _ _ _ _ _ _ _ _\n\nself = <selenium.webdriver.support.wait.WebDriverWait (session=\"9c2bd1a2df0985d5075bb6168a7b14f8\")>\nmethod = <selenium.webdriver.support.expected_conditions.presence_of_element_located object at 0x000001E2F04C2E50>\nmessage = ''\n\n    def until(self, method, message=''):\n        \"\"\"Calls the method provided with the driver as an argument until the \\\n        return value is not False.\"\"\"\n        screen = None\n        stacktrace = None\n    \n        end_time = time.time() + self._timeout\n        while True:\n            try:\n                value = method(self._driver)\n                if value:\n                    return value\n            except self._ignored_exceptions as exc:\n                screen = getattr(exc, 'screen', None)\n                stacktrace = getattr(exc, 'stacktrace', None)\n            time.sleep(self._poll)\n            if time.time() > end_time:\n                break\n>       raise TimeoutException(message, screen, stacktrace)\nE       selenium.common.exceptions.TimeoutException: Message:\n\nD:\\python3.8\\python-3.8.2\\lib\\site-packages\\selenium\\webdriver\\support\\wait.py:80: TimeoutException"}, "description": "测试搜索候选", "attachments": [{"name": "失败截图20211228162452", "source": "2313f217-85e0-4d6b-ae1c-ca11603825cf-attachment.png", "type": "image/png"}, {"name": "log", "source": "1d8ab87c-ea54-496c-ba6b-1c52f6f6f705-attachment.txt", "type": "text/plain"}], "start": 1640679870443, "stop": 1640679891990, "uuid": "4ab13d95-9132-49f4-841b-d71386153631", "historyId": "806165bf4d91a502e56be7c9e6a3b82e", "testCaseId": "78b42247db1cc1e68a3d3f8101f01020", "fullName": "TestCase.test_search.TestSearch#test_login_error", "labels": [{"name": "story", "value": "登录失败case"}, {"name": "feature", "value": "测试百度模块"}, {"name": "parentSuite", "value": "TestCase"}, {"name": "suite", "value": "test_search"}, {"name": "subSuite", "value": "TestSearch"}, {"name": "host", "value": "DESKTOP-R0T260V"}, {"name": "thread", "value": "8180-MainThread"}, {"name": "framework", "value": "pytest"}, {"name": "language", "value": "cpython3"}, {"name": "package", "value": "TestCase.test_search"}]}